make --dry-run --keep-going --print-directory
make: Entering directory '/sgoinfre/goinfre/Perso/swillis/minishell'
cc -Wall -Wextra -Werror -Iinclude -I/usr/local/opt/readline/include -g -fsanitize=address   -c -o src/main.o src/main.c
 
cc -Wall -Wextra -Werror -Iinclude -I/usr/local/opt/readline/include -g -fsanitize=address   -c -o src/prompt.o src/prompt.c
cc -Wall -Wextra -Werror -Iinclude -I/usr/local/opt/readline/include -g -fsanitize=address   -c -o src/lexer.o src/lexer.c
 
cc -Wall -Wextra -Werror -Iinclude -I/usr/local/opt/readline/include -g -fsanitize=address   -c -o src/syntax_validation.o src/syntax_validation.c
 
cc -Wall -Wextra -Werror -Iinclude -I/usr/local/opt/readline/include -g -fsanitize=address   -c -o src/syntax_validation2.o src/syntax_validation2.c
cc -Wall -Wextra -Werror -Iinclude -I/usr/local/opt/readline/include -g -fsanitize=address   -c -o src/parser.o src/parser.c
 
cc -Wall -Wextra -Werror -Iinclude -I/usr/local/opt/readline/include -g -fsanitize=address   -c -o src/update_token_type.o src/update_token_type.c
cc -Wall -Wextra -Werror -Iinclude -I/usr/local/opt/readline/include -g -fsanitize=address   -c -o src/executor.o src/executor.c
cc -Wall -Wextra -Werror -Iinclude -I/usr/local/opt/readline/include -g -fsanitize=address   -c -o src/executor_errors.o src/executor_errors.c
 
cc -Wall -Wextra -Werror -Iinclude -I/usr/local/opt/readline/include -g -fsanitize=address   -c -o src/executor_binary.o src/executor_binary.c
 
cc -Wall -Wextra -Werror -Iinclude -I/usr/local/opt/readline/include -g -fsanitize=address   -c -o src/builtins.o src/builtins.c
 
cc -Wall -Wextra -Werror -Iinclude -I/usr/local/opt/readline/include -g -fsanitize=address   -c -o src/builtins2.o src/builtins2.c
cc -Wall -Wextra -Werror -Iinclude -I/usr/local/opt/readline/include -g -fsanitize=address   -c -o src/builtins3.o src/builtins3.c
 
cc -Wall -Wextra -Werror -Iinclude -I/usr/local/opt/readline/include -g -fsanitize=address   -c -o src/builtins4.o src/builtins4.c
cc -Wall -Wextra -Werror -Iinclude -I/usr/local/opt/readline/include -g -fsanitize=address   -c -o src/tokens_linked_list.o src/tokens_linked_list.c
cc -Wall -Wextra -Werror -Iinclude -I/usr/local/opt/readline/include -g -fsanitize=address   -c -o src/cmds_linked_list.o src/cmds_linked_list.c
 
cc -Wall -Wextra -Werror -Iinclude -I/usr/local/opt/readline/include -g -fsanitize=address   -c -o src/cmd_line_struct.o src/cmd_line_struct.c
cc -Wall -Wextra -Werror -Iinclude -I/usr/local/opt/readline/include -g -fsanitize=address   -c -o src/init_values.o src/init_values.c
cc -Wall -Wextra -Werror -Iinclude -I/usr/local/opt/readline/include -g -fsanitize=address   -c -o src/free_values.o src/free_values.c
cc -Wall -Wextra -Werror -Iinclude -I/usr/local/opt/readline/include -g -fsanitize=address   -c -o src/utils.o src/utils.c
 
cc -Wall -Wextra -Werror -Iinclude -I/usr/local/opt/readline/include -g -fsanitize=address   -c -o src/utils2.o src/utils2.c
cc -Wall -Wextra -Werror -Iinclude -I/usr/local/opt/readline/include -g -fsanitize=address   -c -o src/env_manager.o src/env_manager.c
cc -Wall -Wextra -Werror -Iinclude -I/usr/local/opt/readline/include -g -fsanitize=address   -c -o src/env_manager_utils.o src/env_manager_utils.c
 
cc -Wall -Wextra -Werror -Iinclude -I/usr/local/opt/readline/include -g -fsanitize=address   -c -o src/env_expand.o src/env_expand.c
cc -Wall -Wextra -Werror -Iinclude -I/usr/local/opt/readline/include -g -fsanitize=address   -c -o src/env_expand2.o src/env_expand2.c
cc -Wall -Wextra -Werror -Iinclude -I/usr/local/opt/readline/include -g -fsanitize=address   -c -o src/quotes.o src/quotes.c
 
cc -Wall -Wextra -Werror -Iinclude -I/usr/local/opt/readline/include -g -fsanitize=address   -c -o src/quotes_utils.o src/quotes_utils.c
cc -Wall -Wextra -Werror -Iinclude -I/usr/local/opt/readline/include -g -fsanitize=address   -c -o src/signals.o src/signals.c
cc -Wall -Wextra -Werror -Iinclude -I/usr/local/opt/readline/include -g -fsanitize=address   -c -o src/heredoc.o src/heredoc.c
 
cc -Wall -Wextra -Werror -Iinclude -I/usr/local/opt/readline/include -g -fsanitize=address   -c -o src/heredoc2.o src/heredoc2.c
cc -Wall -Wextra -Werror -Iinclude -I/usr/local/opt/readline/include -g -fsanitize=address   -c -o src/heredoc3.o src/heredoc3.c
cc -Wall -Wextra -Werror -Iinclude -I/usr/local/opt/readline/include -g -fsanitize=address   -c -o src/heredoc4.o src/heredoc4.c
 
cc -Wall -Wextra -Werror -Iinclude -I/usr/local/opt/readline/include -g -fsanitize=address   -c -o src/redirections.o src/redirections.c
cc -Wall -Wextra -Werror -Iinclude -I/usr/local/opt/readline/include -g -fsanitize=address   -c -o src/multipipe.o src/multipipe.c
cc -Wall -Wextra -Werror -Iinclude -I/usr/local/opt/readline/include -g -fsanitize=address   -c -o src/multipipe2.o src/multipipe2.c
 
cc -Wall -Wextra -Werror -Iinclude -I/usr/local/opt/readline/include -g -fsanitize=address   -c -o src/int_check.o src/int_check.c
make -C lib/libft -f Makefile
make -C lib/libftprintf -f Makefile
cc -Wall -Wextra -Werror -Iinclude -I/usr/local/opt/readline/include -g -fsanitize=address -lreadline -L/usr/local/opt/readline/lib/ src/main.o src/prompt.o src/lexer.o src/syntax_validation.o src/syntax_validation2.o src/parser.o src/update_token_type.o src/executor.o src/executor_errors.o src/executor_binary.o src/builtins.o src/builtins2.o src/builtins3.o src/builtins4.o src/tokens_linked_list.o src/cmds_linked_list.o src/cmd_line_struct.o src/init_values.o src/free_values.o src/utils.o src/utils2.o src/env_manager.o src/env_manager_utils.o src/env_expand.o src/env_expand2.o src/quotes.o src/quotes_utils.o src/signals.o src/heredoc.o src/heredoc2.o src/heredoc3.o src/heredoc4.o src/redirections.o src/multipipe.o src/multipipe2.o src/int_check.o lib/libft/libft.a lib/libftprintf/libftprintf.a -o minishell -lreadline
make: Leaving directory '/sgoinfre/goinfre/Perso/swillis/minishell'
 
